Tue Feb 26 18:17:39 IST 2019 : Apache Derby Network Server - 10.11.1.2 - (1629631) started and ready to accept connections on port 1527
----------------------------------------------------------------
Tue Feb 26 18:17:40 IST 2019:
Booting Derby version The Apache Software Foundation - Apache Derby - 10.11.1.2 - (1629631): instance a816c00e-0169-29d8-5beb-ffff94bad618 
on database directory E:\CricVet\CV\CricVetDB\CricVetDB with class loader sun.misc.Launcher$AppClassLoader@60e53b93 
Loaded from file:/C:/Program%20Files/Java/jdk1.8.0_40/db/lib/derby.jar
java.vendor=Oracle Corporation
java.runtime.version=1.8.0_40-b26
user.dir=C:\Program Files\Java\jdk1.8.0_40\db
os.name=Windows 8.1
os.arch=amd64
os.version=6.3
derby.system.home=E:\CricVet\CV\CricVetDB
Database Class Loader started - derby.database.classpath=''
----------------------------------------------------------------
Tue Feb 26 18:17:48 IST 2019:
Shutting down instance a816c00e-0169-29d8-5beb-ffff94bad618 on database directory E:\CricVet\CV\CricVetDB\CricVetDB with class loader sun.misc.Launcher$AppClassLoader@60e53b93 
Tue Feb 26 18:17:48 IST 2019 Thread[DRDAConnThread_2,5,main] (DATABASE = CricVetDB), (DRDAID = {2}), Database 'CricVetDB' shutdown.
----------------------------------------------------------------
Tue Feb 26 18:18:30 IST 2019:
Booting Derby version The Apache Software Foundation - Apache Derby - 10.11.1.2 - (1629631): instance a65c80ac-0169-29d8-5beb-ffff94bad618 
on database directory E:\CricVet\CV\CricVetDB\CricVetDB with class loader sun.misc.Launcher$AppClassLoader@60e53b93 
Loaded from file:/C:/Program%20Files/Java/jdk1.8.0_40/db/lib/derby.jar
java.vendor=Oracle Corporation
java.runtime.version=1.8.0_40-b26
user.dir=C:\Program Files\Java\jdk1.8.0_40\db
os.name=Windows 8.1
os.arch=amd64
os.version=6.3
derby.system.home=E:\CricVet\CV\CricVetDB
Database Class Loader started - derby.database.classpath=''
